<?xml version="1.0" encoding="UTF-8"?>
<!-- Generated by org.testng.reporters.JUnitXMLReporter -->
<testsuite ignored="0" hostname="DESKTOP-K1ALJR5" failures="1" tests="16" name="Test" time="553.543" errors="0" timestamp="2024-01-10T14:46:06 IST">
  <testcase classname="ViewProfile" name="profiles" time="10.738">
    <failure type="org.openqa.selenium.NoSuchElementException" message="no such element: Unable to locate element: {&amp;quot;method&amp;quot;:&amp;quot;xpath&amp;quot;,&amp;quot;selector&amp;quot;:&amp;quot;/html/body/div[1]/div/div/div[2]/div/div/div/div[2]/div[2]/div/div/div/div/div/div/div/div/div[2]/div[2]/div[1]/div&amp;quot;}
  (Session info: chrome=118.0.5993.0)
For documentation on this error, please visit: https://www.selenium.dev/documentation/webdriver/troubleshooting/errors#no-such-element-exception
Build info: version: &amp;apos;4.15.0&amp;apos;, revision: &amp;apos;1d14b5521b&amp;apos;
System info: os.name: &amp;apos;Windows 10&amp;apos;, os.arch: &amp;apos;amd64&amp;apos;, os.version: &amp;apos;10.0&amp;apos;, java.version: &amp;apos;21.0.1&amp;apos;
Driver info: org.openqa.selenium.chrome.ChromeDriver
Command: [7308717881b74a378460b8105aa3d2ec, findElement {using=xpath, value=/html/body/div[1]/div/div/div[2]/div/div/div/div[2]/div[2]/div/div/div/div/div/div/div/div/div[2]/div[2]/div[1]/div}]
Capabilities {acceptInsecureCerts: false, browserName: chrome, browserVersion: 118.0.5993.0, chrome: {chromedriverVersion: 118.0.5993.70 (e52f33f30b91..., userDataDir: C:\Users\Abirami\AppData\Lo...}, fedcm:accounts: true, goog:chromeOptions: {debuggerAddress: localhost:61742}, networkConnectionEnabled: false, pageLoadStrategy: normal, platformName: windows, proxy: Proxy(), se:cdp: ws://localhost:61742/devtoo..., se:cdpVersion: 118.0.5993.0, setWindowRect: true, strictFileInteractability: false, timeouts: {implicit: 0, pageLoad: 300000, script: 30000}, unhandledPromptBehavior: dismiss and notify, webauthn:extension:credBlob: true, webauthn:extension:largeBlob: true, webauthn:extension:minPinLength: true, webauthn:extension:prf: true, webauthn:virtualAuthenticators: true}
Session ID: 7308717881b74a378460b8105aa3d2ec">
      <![CDATA[org.openqa.selenium.NoSuchElementException: no such element: Unable to locate element: {"method":"xpath","selector":"/html/body/div[1]/div/div/div[2]/div/div/div/div[2]/div[2]/div/div/div/div/div/div/div/div/div[2]/div[2]/div[1]/div"}
  (Session info: chrome=118.0.5993.0)
For documentation on this error, please visit: https://www.selenium.dev/documentation/webdriver/troubleshooting/errors#no-such-element-exception
Build info: version: '4.15.0', revision: '1d14b5521b'
System info: os.name: 'Windows 10', os.arch: 'amd64', os.version: '10.0', java.version: '21.0.1'
Driver info: org.openqa.selenium.chrome.ChromeDriver
Command: [7308717881b74a378460b8105aa3d2ec, findElement {using=xpath, value=/html/body/div[1]/div/div/div[2]/div/div/div/div[2]/div[2]/div/div/div/div/div/div/div/div/div[2]/div[2]/div[1]/div}]
Capabilities {acceptInsecureCerts: false, browserName: chrome, browserVersion: 118.0.5993.0, chrome: {chromedriverVersion: 118.0.5993.70 (e52f33f30b91..., userDataDir: C:\Users\Abirami\AppData\Lo...}, fedcm:accounts: true, goog:chromeOptions: {debuggerAddress: localhost:61742}, networkConnectionEnabled: false, pageLoadStrategy: normal, platformName: windows, proxy: Proxy(), se:cdp: ws://localhost:61742/devtoo..., se:cdpVersion: 118.0.5993.0, setWindowRect: true, strictFileInteractability: false, timeouts: {implicit: 0, pageLoad: 300000, script: 30000}, unhandledPromptBehavior: dismiss and notify, webauthn:extension:credBlob: true, webauthn:extension:largeBlob: true, webauthn:extension:minPinLength: true, webauthn:extension:prf: true, webauthn:virtualAuthenticators: true}
Session ID: 7308717881b74a378460b8105aa3d2ec
at org.openqa.selenium.remote.codec.w3c.W3CHttpResponseCodec.createException(W3CHttpResponseCodec.java:200)
at org.openqa.selenium.remote.codec.w3c.W3CHttpResponseCodec.decode(W3CHttpResponseCodec.java:133)
at org.openqa.selenium.remote.codec.w3c.W3CHttpResponseCodec.decode(W3CHttpResponseCodec.java:52)
at org.openqa.selenium.remote.HttpCommandExecutor.execute(HttpCommandExecutor.java:191)
at org.openqa.selenium.remote.service.DriverCommandExecutor.invokeExecute(DriverCommandExecutor.java:200)
at org.openqa.selenium.remote.service.DriverCommandExecutor.execute(DriverCommandExecutor.java:175)
at org.openqa.selenium.remote.RemoteWebDriver.execute(RemoteWebDriver.java:607)
at org.openqa.selenium.remote.ElementLocation$ElementFinder$2.findElement(ElementLocation.java:165)
at org.openqa.selenium.remote.ElementLocation.findElement(ElementLocation.java:59)
at org.openqa.selenium.remote.RemoteWebDriver.findElement(RemoteWebDriver.java:364)
at org.openqa.selenium.remote.RemoteWebDriver.findElement(RemoteWebDriver.java:358)
at Settings.youraccountdetails(Settings.java:1729)
at ViewProfile.profiles(ViewProfile.java:19)
at java.base/java.util.ArrayList.forEach(ArrayList.java:1596)
... Removed 28 stack frames]]>
    </failure>
  </testcase> <!-- profiles -->
  <testcase classname="CustomOrder16889" name="order" time="23.224"/>
  <testcase classname="DiagramProperties" name="diagram" time="47.744"/>
  <testcase classname="DocsToPdf" name="documents" time="17.812"/>
  <testcase classname="ImageGrid" name="grid" time="49.691"/>
  <testcase classname="OldDocs" name="properties" time="23.057"/>
  <testcase classname="WorkspaceOptions" name="workspace" time="15.517"/>
  <testcase classname="InsertedGraphics" name="graphics" time="37.246"/>
  <testcase classname="Validatepitchcreation4176" name="outline" time="65.84"/>
  <testcase classname="Validatepitchcreation" name="outline" time="12.573"/>
  <testcase classname="ValidateLinkOptions" name="linkoptions" time="71.668"/>
  <testcase classname="Validatedisplay" name="display" time="48.684"/>
  <testcase classname="ValidateAgenda" name="agendaValidate" time="25.584"/>
  <testcase classname="InsertingCovers" name="sectionbreak" time="36.615"/>
  <testcase classname="RealTime" name="share" time="17.118"/>
  <testcase classname="InsertingCharts" name="charts" time="50.271"/>
</testsuite> <!-- Test -->
