<?xml version="1.0" encoding="UTF-8"?>
<!-- Generated by org.testng.reporters.JUnitReportReporter -->
<testsuite hostname="DESKTOP-K1ALJR5" failures="0" tests="1" name="ValidateSaveVersion" time="15.839" errors="1" timestamp="2024-01-12T18:06:49 IST" skipped="0">
  <testcase classname="ValidateSaveVersion" name="save" time="15.839">
    <error message="Expected condition failed: waiting for element to be clickable: By.xpath: //p[contains(text(),&#039;Save version&#039;)] (tried for 10 second(s) with 500 milliseconds interval)
Build info: version: &#039;4.15.0&#039;, revision: &#039;1d14b5521b&#039;
System info: os.name: &#039;Windows 10&#039;, os.arch: &#039;amd64&#039;, os.version: &#039;10.0&#039;, java.version: &#039;21.0.1&#039;
Driver info: org.openqa.selenium.chrome.ChromeDriver
Capabilities {acceptInsecureCerts: false, browserName: chrome, browserVersion: 118.0.5993.0, chrome: {chromedriverVersion: 118.0.5993.70 (e52f33f30b91..., userDataDir: C:\Users\Abirami\AppData\Lo...}, fedcm:accounts: true, goog:chromeOptions: {debuggerAddress: localhost:53681}, networkConnectionEnabled: false, pageLoadStrategy: normal, platformName: windows, proxy: Proxy(), se:cdp: ws://localhost:53681/devtoo..., se:cdpVersion: 118.0.5993.0, setWindowRect: true, strictFileInteractability: false, timeouts: {implicit: 0, pageLoad: 300000, script: 30000}, unhandledPromptBehavior: dismiss and notify, webauthn:extension:credBlob: true, webauthn:extension:largeBlob: true, webauthn:extension:minPinLength: true, webauthn:extension:prf: true, webauthn:virtualAuthenticators: true}
Session ID: 233b8fad17427c2f5341b796cb97b8f3" type="org.openqa.selenium.TimeoutException">
      <![CDATA[org.openqa.selenium.TimeoutException: Expected condition failed: waiting for element to be clickable: By.xpath: //p[contains(text(),'Save version')] (tried for 10 second(s) with 500 milliseconds interval)
Build info: version: '4.15.0', revision: '1d14b5521b'
System info: os.name: 'Windows 10', os.arch: 'amd64', os.version: '10.0', java.version: '21.0.1'
Driver info: org.openqa.selenium.chrome.ChromeDriver
Capabilities {acceptInsecureCerts: false, browserName: chrome, browserVersion: 118.0.5993.0, chrome: {chromedriverVersion: 118.0.5993.70 (e52f33f30b91..., userDataDir: C:\Users\Abirami\AppData\Lo...}, fedcm:accounts: true, goog:chromeOptions: {debuggerAddress: localhost:53681}, networkConnectionEnabled: false, pageLoadStrategy: normal, platformName: windows, proxy: Proxy(), se:cdp: ws://localhost:53681/devtoo..., se:cdpVersion: 118.0.5993.0, setWindowRect: true, strictFileInteractability: false, timeouts: {implicit: 0, pageLoad: 300000, script: 30000}, unhandledPromptBehavior: dismiss and notify, webauthn:extension:credBlob: true, webauthn:extension:largeBlob: true, webauthn:extension:minPinLength: true, webauthn:extension:prf: true, webauthn:virtualAuthenticators: true}
Session ID: 233b8fad17427c2f5341b796cb97b8f3
at org.openqa.selenium.support.ui.WebDriverWait.timeoutException(WebDriverWait.java:84)
at org.openqa.selenium.support.ui.FluentWait.until(FluentWait.java:229)
at Settings.saveversiondoc(Settings.java:627)
at ValidateSaveVersion.save(ValidateSaveVersion.java:17)
at java.base/jdk.internal.reflect.DirectMethodHandleAccessor.invoke(DirectMethodHandleAccessor.java:103)
at java.base/java.lang.reflect.Method.invoke(Method.java:580)
at org.testng.internal.invokers.MethodInvocationHelper.invokeMethod(MethodInvocationHelper.java:139)
at org.testng.internal.invokers.TestInvoker.invokeMethod(TestInvoker.java:664)
at org.testng.internal.invokers.TestInvoker.invokeTestMethod(TestInvoker.java:227)
at org.testng.internal.invokers.MethodRunner.runInSequence(MethodRunner.java:50)
at org.testng.internal.invokers.TestInvoker$MethodInvocationAgent.invoke(TestInvoker.java:957)
at org.testng.internal.invokers.TestInvoker.invokeTestMethods(TestInvoker.java:200)
at org.testng.internal.invokers.TestMethodWorker.invokeTestMethods(TestMethodWorker.java:148)
at org.testng.internal.invokers.TestMethodWorker.run(TestMethodWorker.java:128)
at java.base/java.util.ArrayList.forEach(ArrayList.java:1596)
at org.testng.TestRunner.privateRun(TestRunner.java:848)
at org.testng.TestRunner.run(TestRunner.java:621)
at org.testng.SuiteRunner.runTest(SuiteRunner.java:443)
at org.testng.SuiteRunner.runSequentially(SuiteRunner.java:437)
at org.testng.SuiteRunner.privateRun(SuiteRunner.java:397)
at org.testng.SuiteRunner.run(SuiteRunner.java:336)
at org.testng.SuiteRunnerWorker.runSuite(SuiteRunnerWorker.java:52)
at org.testng.SuiteRunnerWorker.run(SuiteRunnerWorker.java:95)
at org.testng.TestNG.runSuitesSequentially(TestNG.java:1280)
at org.testng.TestNG.runSuitesLocally(TestNG.java:1200)
at org.testng.TestNG.runSuites(TestNG.java:1114)
at org.testng.TestNG.run(TestNG.java:1082)
at org.testng.remote.AbstractRemoteTestNG.run(AbstractRemoteTestNG.java:115)
at org.testng.remote.RemoteTestNG.initAndRun(RemoteTestNG.java:251)
at org.testng.remote.RemoteTestNG.main(RemoteTestNG.java:77)
]]>
    </error>
  </testcase> <!-- save -->
  <system-out>
    <![CDATA[Clicked on add slide
Clicked on browse template
Points added succcessfully
Clicked on floater settings
Floater settings added
Clicked on deletebtn
Clicked on theme palette
Test case passed
Selecting a imagegrid documents
Clicked on add slide
Clicked on browse template
Clicked on stack asset
Clicked on floater settings
Properties added successfully
Text position added
Clicked on Hyperlink
Test case passed
Clicked on add slide
Clicked on browse template
Clicked on stack asset
Points added succcessfully
Clicked on theme palette
Clicked on style option
Test case passed
Clicked on add slide
Clicked on browse template
Clicked on floater settings
Quote properties added
Clicked on apply style
Test case passed
Clicked on add slide
Clicked on browse template
Clicked on bookend asset
Clicked on explore styles
Clicked on variation
Clicked on floater settings
Clicked on deletebtn
Clicked on variation
Clicked on apply style
Clicked on theme palette
Test case passed
Mail sent successfully
Clicked on sent invitebtn
Test case passed
Clicked on add slide
Clicked on browse template
Clicked on floater settings
Clicked on apply style
Clicked on deletebtn
Clicked on theme palette
Test case passed
Clicked on add slide
Clicked on browse template
Clicked on productscreen asset
Clicked on usebtn
Points added succcessfully
Clicked on deletebtn
Clicked on apply style
Clicked on theme palette
Test case passed
Clicked on add slide
Clicked on browse template
Clicked on agenda asset
Clicked on insert btn
Points added succcessfully
Test case passed
Clicked on add slide
Clicked on browse template
Clicked on timeline asset
Event added successfully
Clicked on deletebtn
Clicked on present closebtn
Test case passed
Clicked on add slide
Clicked on browse template
Clicked on add slide
Clicked on browse template
Clicked on variation
Clicked on floater settings
Floater settings added
Clicked on add slide
Clicked on browse template
Clicked on deletebtn
Test case passed
Clicked on add slide
Clicked on browse template
Clicked on Hyperlink
Clicked on deletebtn
Test case passed
Clicked on add slide
Clicked on browse template
Test case passed
Test case passed
Clicked on apply style
Clicked on deletebtn
Clicked on add slide
Clicked on browse template
Clicked on usebtn
Clicked on add slide
Clicked on browse template
Clicked on add slide
Clicked on browse template
Clicked on variation
Clicked on apply style
Clicked on deletebtn
Clicked on style option
Test case passed
Clicked on members and groups
Clicked on invitemember workspace
Clicked on mail workspace
Clicked on sent invitebtn
Clicked on bacbtn
Clicked on selected status
Clicked on create folder
Clicked on folder name
Test case passed]]>
  </system-out>
</testsuite> <!-- ValidateSaveVersion -->
